
======================================================================
  CVD-Aware SVG Recoloring Pipeline
  CVD Type: protan | Files: 60
======================================================================

  Processing: 2020StatePredictions.svg... [↻ RECOLORED] type=diverging colors=8 (0.06s)
  Processing: 2020_United_States_presidential_election_results_map_by_county.svg... [↻ RECOLORED] type=sequential colors=14 (0.16s)
  Processing: AreaChart11.svg... [✓ PASS] type=diverging colors=3 (0.01s)
  Processing: AreaChart14.svg... [– SKIP] type=? colors=0 (0.00s)
      WARNING: Fewer than 2 data colors detected; nothing to check.
  Processing: AreaChart15.svg... [– SKIP] type=? colors=0 (0.00s)
      WARNING: Fewer than 2 data colors detected; nothing to check.
  Processing: AreaChart24.svg... [↻ RECOLORED] type=categorical colors=7 (0.01s)
  Processing: Armenian_provinces_by_HDI_(2017).svg... [– SKIP] type=? colors=0 (0.00s)
      WARNING: Fewer than 2 data colors detected; nothing to check.
  Processing: Average_annual_surface_temperature,_North_America,_2022.svg... [↻ RECOLORED] type=categorical colors=9 (0.02s)
      WARNING: Non-monotonic luminance detected in legend swatches. L*-rank remapping may re-order values; using legend-based positional mapping instead.
  Processing: BarChart10.svg... [↻ RECOLORED] type=diverging colors=47 (0.04s)
  Processing: BarChart12.svg... [↻ RECOLORED] type=sequential colors=25 (0.04s)
  Processing: BarChartInRadialLayout2.svg... [– SKIP] type=? colors=0 (0.00s)
      WARNING: Fewer than 2 data colors detected; nothing to check.
  Processing: BoxAndWhisker11.svg... [✓ PASS] type=sequential colors=2 (0.00s)
  Processing: Brexit_referendum_map.svg... [↻ RECOLORED] type=diverging colors=6 (0.04s)
  Processing: BubbleChart12.svg... [? RECOLORED*] type=diverging colors=9 (0.05s)
      WARNING: Non-monotonic luminance detected in legend swatches. L*-rank remapping may re-order values; using legend-based positional mapping instead.
      WARNING: 2 data color(s) now map to a different legend position after recoloring.
      WARNING: Post-recoloring verification did not fully pass after 3 attempt(s). Best result applied. Manual review recommended.
  Processing: BubbleChart2.svg... [– SKIP] type=? colors=1 (0.00s)
      WARNING: Fewer than 2 data colors detected; nothing to check.
  Processing: BubbleChart21.svg... [↻ RECOLORED] type=sequential colors=11 (0.01s)
  Processing: BubbleChart25.svg... [✓ PASS] type=categorical colors=6 (0.02s)
  Processing: BumpChart1.svg... [✓ PASS] type=categorical colors=8 (0.00s)
      WARNING: Non-monotonic luminance detected in legend swatches. L*-rank remapping may re-order values; using legend-based positional mapping instead.
  Processing: BumpChart11.svg... [↻ RECOLORED] type=sequential colors=26 (0.02s)
  Processing: BumpChart9.svg... [↻ RECOLORED] type=sequential colors=12 (0.01s)
  Processing: Calendar12.svg... [↻ RECOLORED] type=sequential colors=29 (0.02s)
      WARNING: PALETTE-DATA MISMATCH: 29 categories detected. Humans struggle to distinguish >8-10 discrete colors. Data may be better suited to sequential encoding.
      WARNING: Path A (default): Path A: Respect designer's categorical palette. Repair will optimize for pairwise distinguishability (delta E >= 8), treating each color as a discrete category label.
      WARNING: Path B (alternative): Path B: Treat as sequential data. Evidence: 29 categories detected. Humans struggle to distinguish >8-10 discrete colors. Data may be better suited to sequential encoding. Repair will use ordered lightness gradient to convey magnitude.
  Processing: Calendar14.svg... [↻ RECOLORED] type=sequential colors=100 (0.11s)
  Processing: Calendar20.svg... [? RECOLORED*] type=sequential colors=138 (0.29s)
      WARNING: Post-recoloring verification did not fully pass after 3 attempt(s). Best result applied. Manual review recommended.
  Processing: CandlestickChart8.svg... [✓ PASS] type=categorical colors=2 (0.00s)
  Processing: Colonial_Africa_1913_map.svg... [↻ RECOLORED] type=diverging colors=9 (0.02s)
  Processing: DensityPlot12.svg... [– SKIP] type=? colors=1 (0.00s)
      WARNING: Fewer than 2 data colors detected; nothing to check.
  Processing: DensityPlot21.svg... [? RECOLORED*] type=sequential colors=137 (0.28s)
      WARNING: Post-recoloring verification did not fully pass after 3 attempt(s). Best result applied. Manual review recommended.
  Processing: DensityPlot9.svg... [↻ RECOLORED] type=sequential colors=13 (0.01s)
  Processing: DivergingStackedBarChart22.svg... [↻ RECOLORED] type=categorical colors=6 (0.02s)
  Processing: French_alone_or_in_any_combination_by_state_2020.svg... [↻ RECOLORED] type=sequential colors=43 (0.03s)
  Processing: GeoHeatmap1.svg... [✓ PASS] type=sequential colors=4 (0.02s)
  Processing: GeoHeatmap11.svg... [↻ RECOLORED] type=sequential colors=12 (0.03s)
      WARNING: Non-monotonic luminance detected in legend swatches. L*-rank remapping may re-order values; using legend-based positional mapping instead.
      WARNING: 4 data color(s) now map to a different legend position after recoloring.
  Processing: GeoHeatmap18.svg... [↻ RECOLORED] type=sequential colors=37 (0.03s)
  Processing: GeoHeatmap2.svg... [✓ PASS] type=sequential colors=9 (0.03s)
  Processing: GeoHeatmap21.svg... [↻ RECOLORED] type=diverging colors=10 (0.06s)
  Processing: GeoHeatmap4.svg... [✓ PASS] type=sequential colors=4 (0.02s)
  Processing: GeoHeatmap5.svg... [↻ RECOLORED] type=sequential colors=208 (0.22s)
  Processing: Heatmap10.svg... [↻ RECOLORED] type=sequential colors=69 (0.05s)
  Processing: Heatmap20.svg... [↻ RECOLORED] type=sequential colors=45 (0.04s)
  Processing: Heatmap21.svg... [↻ RECOLORED] type=sequential colors=117 (5.98s)
  Processing: Heatmap5.svg... [↻ RECOLORED] type=sequential colors=349 (0.19s)
      WARNING: PALETTE-DATA MISMATCH: Sequential palette but labels are strings. Data may be categorical.
      WARNING: Path A (default): Path A: Respect designer's sequential palette. Repair will ensure monotonic lightness gradient with uniform steps, treating data as ordered/continuous.
      WARNING: Path B (alternative): Path B: Treat as sequential data. Evidence: Sequential palette but labels are strings. Data may be categorical. Repair will use ordered lightness gradient to convey magnitude.
  Processing: InternetPenetrationWorldMap.svg... [↻ RECOLORED] type=sequential colors=13 (0.06s)
  Processing: Language_Map_of_Uttar_Pradesh_(2011_Census).svg... [↻ RECOLORED] type=sequential colors=14 (0.02s)
  Processing: London_Underground_and_Overground_full_map.svg... [↻ RECOLORED] type=sequential colors=13 (149.50s)
      WARNING: PALETTE-DATA MISMATCH: Sequential palette but labels are strings. Data may be categorical.
      WARNING: Path A (default): Path A: Respect designer's sequential palette. Repair will ensure monotonic lightness gradient with uniform steps, treating data as ordered/continuous.
      WARNING: Path B (alternative): Path B: Treat as sequential data. Evidence: Sequential palette but labels are strings. Data may be categorical. Repair will use ordered lightness gradient to convey magnitude.
  Processing: Map_of_the_U.S._states_by_Human_Development_Index_(2022).svg... [↻ RECOLORED] type=sequential colors=8 (0.01s)
  Processing: Percent_of_population_living_on_less_than_$1.25_per_day.svg... [↻ RECOLORED] type=categorical colors=9 (0.11s)
  Processing: PolarAreaChart12.svg... [↻ RECOLORED] type=sequential colors=10 (0.01s)
  Processing: Population_density_map_of_the_world.svg... [↻ RECOLORED] type=sequential colors=14 (0.03s)
      WARNING: Non-monotonic luminance detected in legend swatches. L*-rank remapping may re-order values; using legend-based positional mapping instead.
      WARNING: 2 data color(s) now map to a different legend position after recoloring.
  Processing: Prevailing_religious_population_by_country_percentage.svg... [↻ RECOLORED] type=sequential colors=29 (0.09s)
      WARNING: PALETTE-DATA MISMATCH: Sequential palette but labels are strings. Data may be categorical.
      WARNING: Path A (default): Path A: Respect designer's sequential palette. Repair will ensure monotonic lightness gradient with uniform steps, treating data as ordered/continuous.
      WARNING: Path B (alternative): Path B: Treat as sequential data. Evidence: Sequential palette but labels are strings. Data may be categorical. Repair will use ordered lightness gradient to convey magnitude.
  Processing: Public_opinion_of_same-sex_marriage_in_USA_by_state.svg... [✓ PASS] type=sequential colors=4 (0.00s)
  Processing: Public_support_of_same-sex_marriage_in_Mexico.svg... [✓ PASS] type=sequential colors=3 (0.00s)
  Processing: Scatterplot16.svg... [? RECOLORED*] type=diverging colors=168 (0.38s)
      WARNING: Post-recoloring verification did not fully pass after 3 attempt(s). Best result applied. Manual review recommended.
  Processing: StackedBarChart15.svg... [✓ PASS] type=categorical colors=9 (0.01s)
      WARNING: Non-monotonic luminance detected in legend swatches. L*-rank remapping may re-order values; using legend-based positional mapping instead.
  Processing: State_recognition_of_same-sex_relationships_(South_America).svg... [↻ RECOLORED] type=sequential colors=4 (0.01s)
  Processing: StreamGraph17.svg... [– SKIP] type=? colors=0 (0.00s)
      WARNING: Fewer than 2 data colors detected; nothing to check.
  Processing: StreamGraph4.svg... [↻ RECOLORED] type=categorical colors=8 (0.01s)
  Processing: Temperature_anomalies_2010-06.svg... [? RECOLORED*] type=diverging colors=234 (0.36s)
      WARNING: Post-recoloring verification did not fully pass after 3 attempt(s). Best result applied. Manual review recommended.
  Processing: World_Map_Index_of_perception_of_corruption_2009.svg... [↻ RECOLORED] type=sequential colors=11 (0.06s)
      WARNING: PALETTE-DATA MISMATCH: Sequential palette but labels are strings. Data may be categorical.
      WARNING: Path A (default): Path A: Respect designer's sequential palette. Repair will ensure monotonic lightness gradient with uniform steps, treating data as ordered/continuous.
      WARNING: Path B (alternative): Path B: Treat as sequential data. Evidence: Sequential palette but labels are strings. Data may be categorical. Repair will use ordered lightness gradient to convey magnitude.
  Processing: World_map_of_countries_by_literacy_rate.svg... [✓ PASS] type=sequential colors=2 (0.02s)
      WARNING: PALETTE-DATA MISMATCH: Sequential palette but labels are strings. Data may be categorical.
      WARNING: Path A (default): Path A: Respect designer's sequential palette. Repair will ensure monotonic lightness gradient with uniform steps, treating data as ordered/continuous.
      WARNING: Path B (alternative): Path B: Treat as categorical data. Evidence: Sequential palette but labels are strings. Data may be categorical. Repair will use discrete color palette for 2 categories.
  Processing: _bespoke10.svg... [↻ RECOLORED] type=sequential colors=4 (0.02s)
      WARNING: Non-monotonic luminance detected in legend swatches. L*-rank remapping may re-order values; using legend-based positional mapping instead.
      WARNING: PALETTE-DATA MISMATCH: Sequential palette but labels are strings. Data may be categorical.
      WARNING: Path A (default): Path A: Respect designer's sequential palette. Repair will ensure monotonic lightness gradient with uniform steps, treating data as ordered/continuous.
      WARNING: Path B (alternative): Path B: Treat as categorical data. Evidence: Sequential palette but labels are strings. Data may be categorical. Repair will use discrete color palette for 4 categories.
      WARNING: 1 data color(s) now map to a different legend position after recoloring.

======================================================================
  Summary
======================================================================
  Total:     60
  Passed:    12 (already accessible)
  Recolored: 36
  Recolored*: 5 (with warnings)
  Skipped:   7
  Errors:    0

  Output: results/protan/
    corrected/  - accessible SVGs
    originals/  - pre-correction copies
    reports/    - per-file analysis (JSON)
    summary.json
======================================================================

